app/build/intermediates/manifest_merge_blame_file/debug/manifest-merger-blame-debug-report.txt
1<?xml version="1.0" encoding="utf-8"?>
2<manifest xmlns:android="http://schemas.android.com/apk/res/android"
3    package="com.masadany.mvvm_hilt_unittesting"
4    android:versionCode="1"
5    android:versionName="1.0" >
6
7    <uses-sdk
8        android:minSdkVersion="21"
9        android:targetSdkVersion="30" />
10
11    <uses-permission android:name="android.permission.INTERNET" />
11-->src\main\AndroidManifest.xml:5:5-66
11-->src\main\AndroidManifest.xml:5:22-64
12    <uses-permission android:name="android.permission.REORDER_TASKS" />
12-->[androidx.fragment:fragment-testing:1.2.5] AndroidManifest.xml:25:5-72
12-->[androidx.fragment:fragment-testing:1.2.5] AndroidManifest.xml:25:22-69
13    <uses-permission android:name="android.permission.WRITE_EXTERNAL_STORAGE" />
14    <uses-permission android:name="android.permission.READ_PHONE_STATE" />
15    <uses-permission android:name="android.permission.READ_EXTERNAL_STORAGE" />
16
17    <application
17-->src\main\AndroidManifest.xml:7:5-24:19
18        android:name="com.masadany.mvvm_hilt_unittesting.ArtBookApplication"
18-->src\main\AndroidManifest.xml:8:9-43
19        android:allowBackup="true"
19-->src\main\AndroidManifest.xml:9:9-35
20        android:appComponentFactory="androidx.core.app.CoreComponentFactory"
20-->[androidx.core:core:1.3.2] AndroidManifest.xml:24:18-86
21        android:debuggable="true"
22        android:icon="@mipmap/ic_launcher"
22-->src\main\AndroidManifest.xml:10:9-43
23        android:label="@string/app_name"
23-->src\main\AndroidManifest.xml:11:9-41
24        android:roundIcon="@mipmap/ic_launcher_round"
24-->src\main\AndroidManifest.xml:12:9-54
25        android:supportsRtl="true"
25-->src\main\AndroidManifest.xml:13:9-35
26        android:testOnly="true"
27        android:theme="@style/AppTheme" >
27-->src\main\AndroidManifest.xml:14:9-40
28        <activity
28-->src\debug\AndroidManifest.xml:7:9-9:40
29            android:name="com.masadany.mvvm_hilt_unittesting.HiltTestActivity"
29-->src\debug\AndroidManifest.xml:8:13-45
30            android:exported="false" />
30-->src\debug\AndroidManifest.xml:9:13-37
31        <activity
31-->src\main\AndroidManifest.xml:15:9-23:20
32            android:name="com.masadany.mvvm_hilt_unittesting.view.MainActivity"
32-->src\main\AndroidManifest.xml:16:13-46
33            android:exported="true" >
33-->src\main\AndroidManifest.xml:17:13-36
34            <intent-filter>
34-->src\main\AndroidManifest.xml:18:13-22:29
35                <action android:name="android.intent.action.MAIN" />
35-->src\main\AndroidManifest.xml:19:17-69
35-->src\main\AndroidManifest.xml:19:25-66
36
37                <category android:name="android.intent.category.LAUNCHER" />
37-->src\main\AndroidManifest.xml:21:17-77
37-->src\main\AndroidManifest.xml:21:27-74
38            </intent-filter>
39        </activity>
40        <activity
40-->[androidx.fragment:fragment-testing:1.2.5] AndroidManifest.xml:28:9-37:20
41            android:name="androidx.fragment.app.testing.FragmentScenario$EmptyFragmentActivity"
41-->[androidx.fragment:fragment-testing:1.2.5] AndroidManifest.xml:29:13-96
42            android:exported="true"
42-->[androidx.fragment:fragment-testing:1.2.5] AndroidManifest.xml:30:13-36
43            android:multiprocess="true"
43-->[androidx.fragment:fragment-testing:1.2.5] AndroidManifest.xml:31:13-40
44            android:taskAffinity=""
44-->[androidx.fragment:fragment-testing:1.2.5] AndroidManifest.xml:32:13-36
45            android:theme="@style/FragmentScenarioEmptyFragmentActivityTheme" >
45-->[androidx.fragment:fragment-testing:1.2.5] AndroidManifest.xml:33:13-78
46            <intent-filter>
46-->[androidx.fragment:fragment-testing:1.2.5] AndroidManifest.xml:34:13-36:29
47                <action android:name="android.intent.action.MAIN" />
47-->src\main\AndroidManifest.xml:19:17-69
47-->src\main\AndroidManifest.xml:19:25-66
48            </intent-filter>
49        </activity>
50
51        <provider
51-->[androidx.lifecycle:lifecycle-process:2.2.0] AndroidManifest.xml:25:9-29:43
52            android:name="androidx.lifecycle.ProcessLifecycleOwnerInitializer"
52-->[androidx.lifecycle:lifecycle-process:2.2.0] AndroidManifest.xml:26:13-79
53            android:authorities="com.masadany.mvvm_hilt_unittesting.lifecycle-process"
53-->[androidx.lifecycle:lifecycle-process:2.2.0] AndroidManifest.xml:27:13-69
54            android:exported="false"
54-->[androidx.lifecycle:lifecycle-process:2.2.0] AndroidManifest.xml:28:13-37
55            android:multiprocess="true" />
55-->[androidx.lifecycle:lifecycle-process:2.2.0] AndroidManifest.xml:29:13-40
56
57        <service
57-->[androidx.room:room-runtime:2.2.6] AndroidManifest.xml:25:9-28:40
58            android:name="androidx.room.MultiInstanceInvalidationService"
58-->[androidx.room:room-runtime:2.2.6] AndroidManifest.xml:26:13-74
59            android:directBootAware="true"
59-->[androidx.room:room-runtime:2.2.6] AndroidManifest.xml:27:13-43
60            android:exported="false" />
60-->[androidx.room:room-runtime:2.2.6] AndroidManifest.xml:28:13-37
61
62        <activity
62-->[androidx.test:core:1.3.0] AndroidManifest.xml:27:9-33:20
63            android:name="androidx.test.core.app.InstrumentationActivityInvoker$BootstrapActivity"
63-->[androidx.test:core:1.3.0] AndroidManifest.xml:28:13-99
64            android:theme="@android:style/Theme" >
64-->[androidx.test:core:1.3.0] AndroidManifest.xml:29:13-49
65            <intent-filter>
65-->[androidx.fragment:fragment-testing:1.2.5] AndroidManifest.xml:34:13-36:29
66                <action android:name="android.intent.action.MAIN" />
66-->src\main\AndroidManifest.xml:19:17-69
66-->src\main\AndroidManifest.xml:19:25-66
67            </intent-filter>
68        </activity>
69        <activity
69-->[androidx.test:core:1.3.0] AndroidManifest.xml:34:9-40:20
70            android:name="androidx.test.core.app.InstrumentationActivityInvoker$EmptyActivity"
70-->[androidx.test:core:1.3.0] AndroidManifest.xml:35:13-95
71            android:theme="@android:style/Theme" >
71-->[androidx.test:core:1.3.0] AndroidManifest.xml:36:13-49
72            <intent-filter>
72-->[androidx.fragment:fragment-testing:1.2.5] AndroidManifest.xml:34:13-36:29
73                <action android:name="android.intent.action.MAIN" />
73-->src\main\AndroidManifest.xml:19:17-69
73-->src\main\AndroidManifest.xml:19:25-66
74            </intent-filter>
75        </activity>
76        <activity
76-->[androidx.test:core:1.3.0] AndroidManifest.xml:41:9-47:20
77            android:name="androidx.test.core.app.InstrumentationActivityInvoker$EmptyFloatingActivity"
77-->[androidx.test:core:1.3.0] AndroidManifest.xml:42:13-103
78            android:theme="@android:style/Theme.Dialog" >
78-->[androidx.test:core:1.3.0] AndroidManifest.xml:43:13-56
79            <intent-filter>
79-->[androidx.fragment:fragment-testing:1.2.5] AndroidManifest.xml:34:13-36:29
80                <action android:name="android.intent.action.MAIN" />
80-->src\main\AndroidManifest.xml:19:17-69
80-->src\main\AndroidManifest.xml:19:25-66
81            </intent-filter>
82        </activity>
83    </application>
84
85</manifest>